Assembler report for Example_4_Video_In
Thu Nov 27 15:36:44 2014
Quartus II 32-bit Version 11.1 Build 173 11/01/2011 SJ Web Edition


---------------------
; Table of Contents ;
---------------------
  1. Legal Notice
  2. Assembler Summary
  3. Assembler Settings
  4. Assembler Encrypted IP Cores Summary
  5. Assembler Generated Files
  6. Assembler Device Options: C:/Users/Sarang/Desktop/filters/Example_4_Video_In/verilog/Example_4_Video_In.sof
  7. Assembler Device Options: C:/Users/Sarang/Desktop/filters/Example_4_Video_In/verilog/Example_4_Video_In.pof
  8. Assembler Messages



----------------
; Legal Notice ;
----------------
Copyright (C) 1991-2011 Altera Corporation
Your use of Altera Corporation's design tools, logic functions 
and other software and tools, and its AMPP partner logic 
functions, and any output files from any of the foregoing 
(including device programming or simulation files), and any 
associated documentation or information are expressly subject 
to the terms and conditions of the Altera Program License 
Subscription Agreement, Altera MegaCore Function License 
Agreement, or other applicable license agreement, including, 
without limitation, that your use is for the sole purpose of 
programming logic devices manufactured by Altera and sold by 
Altera or its authorized distributors.  Please refer to the 
applicable agreement for further details.



+---------------------------------------------------------------+
; Assembler Summary                                             ;
+-----------------------+---------------------------------------+
; Assembler Status      ; Successful - Thu Nov 27 15:36:44 2014 ;
; Revision Name         ; Example_4_Video_In                    ;
; Top-level Entity Name ; Example_4_Video_In                    ;
; Family                ; Cyclone II                            ;
; Device                ; EP2C35F672C6                          ;
+-----------------------+---------------------------------------+


+--------------------------------------------------------------------------------------------------------+
; Assembler Settings                                                                                     ;
+-----------------------------------------------------------------------------+----------+---------------+
; Option                                                                      ; Setting  ; Default Value ;
+-----------------------------------------------------------------------------+----------+---------------+
; Use smart compilation                                                       ; Off      ; Off           ;
; Enable parallel Assembler and TimeQuest Timing Analyzer during compilation  ; On       ; On            ;
; Enable compact report table                                                 ; Off      ; Off           ;
; Generate compressed bitstreams                                              ; On       ; On            ;
; Compression mode                                                            ; Off      ; Off           ;
; Clock source for configuration device                                       ; Internal ; Internal      ;
; Clock frequency of the configuration device                                 ; 10 MHZ   ; 10 MHz        ;
; Divide clock frequency by                                                   ; 1        ; 1             ;
; Auto user code                                                              ; Off      ; Off           ;
; Use configuration device                                                    ; On       ; On            ;
; Configuration device                                                        ; Auto     ; Auto          ;
; Configuration device auto user code                                         ; Off      ; Off           ;
; Generate Tabular Text File (.ttf) For Target Device                         ; Off      ; Off           ;
; Generate Raw Binary File (.rbf) For Target Device                           ; Off      ; Off           ;
; Generate Hexadecimal (Intel-Format) Output File (.hexout) for Target Device ; Off      ; Off           ;
; Hexadecimal Output File start address                                       ; 0        ; 0             ;
; Hexadecimal Output File count direction                                     ; Up       ; Up            ;
; Release clears before tri-states                                            ; Off      ; Off           ;
; Auto-restart configuration after error                                      ; On       ; On            ;
; Maintain Compatibility with All Cyclone II M4K Versions                     ; On       ; On            ;
; Generate Serial Vector Format File (.svf) for Target Device                 ; Off      ; Off           ;
; Generate a JEDEC STAPL Format File (.jam) for Target Device                 ; Off      ; Off           ;
; Generate a compressed Jam STAPL Byte Code 2.0 File (.jbc) for Target Device ; Off      ; Off           ;
; Generate a compressed Jam STAPL Byte Code 2.0 File (.jbc) for Target Device ; On       ; On            ;
+-----------------------------------------------------------------------------+----------+---------------+


+------------------------------------------------+
; Assembler Encrypted IP Cores Summary           ;
+--------+------------------------+--------------+
; Vendor ; IP Core Name           ; License Type ;
+--------+------------------------+--------------+
; Altera ; Signal Tap (6AF7 BCE1) ; Licensed     ;
+--------+------------------------+--------------+


+-----------------------------------------------------------------------------------+
; Assembler Generated Files                                                         ;
+-----------------------------------------------------------------------------------+
; File Name                                                                         ;
+-----------------------------------------------------------------------------------+
; C:/Users/Sarang/Desktop/filters/Example_4_Video_In/verilog/Example_4_Video_In.sof ;
; C:/Users/Sarang/Desktop/filters/Example_4_Video_In/verilog/Example_4_Video_In.pof ;
+-----------------------------------------------------------------------------------+


+-------------------------------------------------------------------------------------------------------------+
; Assembler Device Options: C:/Users/Sarang/Desktop/filters/Example_4_Video_In/verilog/Example_4_Video_In.sof ;
+----------------+--------------------------------------------------------------------------------------------+
; Option         ; Setting                                                                                    ;
+----------------+--------------------------------------------------------------------------------------------+
; Device         ; EP2C35F672C6                                                                               ;
; JTAG usercode  ; 0xFFFFFFFF                                                                                 ;
; Checksum       ; 0x00598B83                                                                                 ;
+----------------+--------------------------------------------------------------------------------------------+


+-------------------------------------------------------------------------------------------------------------+
; Assembler Device Options: C:/Users/Sarang/Desktop/filters/Example_4_Video_In/verilog/Example_4_Video_In.pof ;
+--------------------+----------------------------------------------------------------------------------------+
; Option             ; Setting                                                                                ;
+--------------------+----------------------------------------------------------------------------------------+
; Device             ; EPCS16                                                                                 ;
; JTAG usercode      ; 0x00000000                                                                             ;
; Checksum           ; 0x1C2FE6F2                                                                             ;
; Compression Ratio  ; 2                                                                                      ;
+--------------------+----------------------------------------------------------------------------------------+


+--------------------+
; Assembler Messages ;
+--------------------+
Info: *******************************************************************
Info: Running Quartus II 32-bit Assembler
    Info: Version 11.1 Build 173 11/01/2011 SJ Web Edition
    Info: Processing started: Thu Nov 27 15:36:35 2014
Info: Command: quartus_asm --read_settings_files=off --write_settings_files=off Example_4_Video_In -c Example_4_Video_In
Info (115031): Writing out detailed assembly data for power analysis
Info (115030): Assembler is generating device programming files
Info: Quartus II 32-bit Assembler was successful. 0 errors, 0 warnings
    Info: Peak virtual memory: 340 megabytes
    Info: Processing ended: Thu Nov 27 15:36:44 2014
    Info: Elapsed time: 00:00:09
    Info: Total CPU time (on all processors): 00:00:08


