Flow report for Example_4_Video_In
Thu Nov 27 15:36:48 2014
Quartus II 32-bit Version 11.1 Build 173 11/01/2011 SJ Web Edition


---------------------
; Table of Contents ;
---------------------
  1. Legal Notice
  2. Flow Summary
  3. Flow Settings
  4. Flow Non-Default Global Settings
  5. Flow Elapsed Time
  6. Flow OS Summary
  7. Flow Log



----------------
; Legal Notice ;
----------------
Copyright (C) 1991-2011 Altera Corporation
Your use of Altera Corporation's design tools, logic functions 
and other software and tools, and its AMPP partner logic 
functions, and any output files from any of the foregoing 
(including device programming or simulation files), and any 
associated documentation or information are expressly subject 
to the terms and conditions of the Altera Program License 
Subscription Agreement, Altera MegaCore Function License 
Agreement, or other applicable license agreement, including, 
without limitation, that your use is for the sole purpose of 
programming logic devices manufactured by Altera and sold by 
Altera or its authorized distributors.  Please refer to the 
applicable agreement for further details.



+-------------------------------------------------------------------------------+
; Flow Summary                                                                  ;
+------------------------------------+------------------------------------------+
; Flow Status                        ; Successful - Thu Nov 27 15:36:44 2014    ;
; Quartus II 32-bit Version          ; 11.1 Build 173 11/01/2011 SJ Web Edition ;
; Revision Name                      ; Example_4_Video_In                       ;
; Top-level Entity Name              ; Example_4_Video_In                       ;
; Family                             ; Cyclone II                               ;
; Device                             ; EP2C35F672C6                             ;
; Timing Models                      ; Final                                    ;
; Total logic elements               ; 3,410 / 33,216 ( 10 % )                  ;
;     Total combinational functions  ; 3,193 / 33,216 ( 10 % )                  ;
;     Dedicated logic registers      ; 1,966 / 33,216 ( 6 % )                   ;
; Total registers                    ; 2062                                     ;
; Total pins                         ; 94 / 475 ( 20 % )                        ;
; Total virtual pins                 ; 0                                        ;
; Total memory bits                  ; 164,608 / 483,840 ( 34 % )               ;
; Embedded Multiplier 9-bit elements ; 10 / 70 ( 14 % )                         ;
; Total PLLs                         ; 1 / 4 ( 25 % )                           ;
+------------------------------------+------------------------------------------+


+-----------------------------------------+
; Flow Settings                           ;
+-------------------+---------------------+
; Option            ; Setting             ;
+-------------------+---------------------+
; Start date & time ; 11/27/2014 15:35:22 ;
; Main task         ; Compilation         ;
; Revision Name     ; Example_4_Video_In  ;
+-------------------+---------------------+


+------------------------------------------------------------------------------------------------------------------+
; Flow Non-Default Global Settings                                                                                 ;
+-------------------------------------+---------------------------------+---------------+-------------+------------+
; Assignment Name                     ; Value                           ; Default Value ; Entity Name ; Section Id ;
+-------------------------------------+---------------------------------+---------------+-------------+------------+
; COMPILER_SIGNATURE_ID               ; 114448691031804.141712052121992 ; --            ; --          ; --         ;
; MAX_CORE_JUNCTION_TEMP              ; 85                              ; --            ; --          ; --         ;
; MIN_CORE_JUNCTION_TEMP              ; 0                               ; --            ; --          ; --         ;
; PARTITION_COLOR                     ; 16764057                        ; --            ; --          ; Top        ;
; PARTITION_FITTER_PRESERVATION_LEVEL ; PLACEMENT_AND_ROUTING           ; --            ; --          ; Top        ;
; PARTITION_NETLIST_TYPE              ; SOURCE                          ; --            ; --          ; Top        ;
; SOPC_BUILDER_SIGNATURE_ID           ; 005056C000080000012A8BB3DD4F    ; --            ; --          ; --         ;
+-------------------------------------+---------------------------------+---------------+-------------+------------+


+-------------------------------------------------------------------------------------------------------------------------------+
; Flow Elapsed Time                                                                                                             ;
+---------------------------+--------------+-------------------------+---------------------+------------------------------------+
; Module Name               ; Elapsed Time ; Average Processors Used ; Peak Virtual Memory ; Total CPU Time (on all processors) ;
+---------------------------+--------------+-------------------------+---------------------+------------------------------------+
; Analysis & Synthesis      ; 00:00:32     ; 1.0                     ; 372 MB              ; 00:00:32                           ;
; Fitter                    ; 00:00:30     ; 1.0                     ; 425 MB              ; 00:00:30                           ;
; Assembler                 ; 00:00:09     ; 1.0                     ; 340 MB              ; 00:00:08                           ;
; TimeQuest Timing Analyzer ; 00:00:13     ; 1.0                     ; 318 MB              ; 00:00:13                           ;
; Total                     ; 00:01:24     ; --                      ; --                  ; 00:01:23                           ;
+---------------------------+--------------+-------------------------+---------------------+------------------------------------+


+----------------------------------------------------------------------------------------+
; Flow OS Summary                                                                        ;
+---------------------------+------------------+-----------+------------+----------------+
; Module Name               ; Machine Hostname ; OS Name   ; OS Version ; Processor type ;
+---------------------------+------------------+-----------+------------+----------------+
; Analysis & Synthesis      ; Sarang           ; Windows 7 ; 6.2        ; x86_64         ;
; Fitter                    ; Sarang           ; Windows 7 ; 6.2        ; x86_64         ;
; Assembler                 ; Sarang           ; Windows 7 ; 6.2        ; x86_64         ;
; TimeQuest Timing Analyzer ; Sarang           ; Windows 7 ; 6.2        ; x86_64         ;
+---------------------------+------------------+-----------+------------+----------------+


------------
; Flow Log ;
------------
quartus_map --read_settings_files=on --write_settings_files=off Example_4_Video_In -c Example_4_Video_In
quartus_fit --read_settings_files=off --write_settings_files=off Example_4_Video_In -c Example_4_Video_In
quartus_asm --read_settings_files=off --write_settings_files=off Example_4_Video_In -c Example_4_Video_In
quartus_sta Example_4_Video_In -c Example_4_Video_In



